<?xml version="1.0" encoding="UTF-8"?>
<!-- Generated by org.testng.reporters.JUnitReportReporter -->
<testsuite skipped="0" hostname="DESKTOP-UPBPLFJ" name="DemoTest" tests="1" failures="0" timestamp="13 Apr 2018 17:16:01 GMT" time="0.009" errors="0">
  <testcase name="testA" time="0.009" classname="DemoTest"/>
</testsuite> <!-- DemoTest -->
