<?xml version="1.0" encoding="UTF-8"?>
<!-- Generated by org.testng.reporters.JUnitReportReporter -->
<testsuite skipped="0" hostname="Vishi-PC" name="com.actitime.tests.LoginTest" tests="1" failures="0" timestamp="12 Apr 2018 06:11:05 GMT" time="15.651" errors="0">
  <testcase name="testA" time="15.651" classname="com.actitime.tests.LoginTest"/>
</testsuite> <!-- com.actitime.tests.LoginTest -->
