<?xml version="1.0" encoding="UTF-8"?>
<!-- Generated by org.testng.reporters.JUnitReportReporter -->
<testsuite skipped="2" hostname="DESKTOP-UPBPLFJ" name="com.actitime.tests.ValidLoginLogoutTest" tests="2" failures="0" timestamp="16 Apr 2018 07:13:23 GMT" time="0.000" errors="0">
  <testcase name="testValidLoginLogout" time="0.000" classname="com.actitime.tests.ValidLoginLogoutTest">
    <skipped/>
  </testcase> <!-- testValidLoginLogout -->
  <testcase name="testValidLoginLogout" time="0.000" classname="com.actitime.tests.ValidLoginLogoutTest">
    <skipped/>
  </testcase> <!-- testValidLoginLogout -->
</testsuite> <!-- com.actitime.tests.ValidLoginLogoutTest -->
