<?xml version="1.0" encoding="UTF-8"?>
<!-- Generated by org.testng.reporters.JUnitReportReporter -->
<testsuite skipped="2" hostname="DESKTOP-UPBPLFJ" name="com.actitime.tests.VerifyBuildNumberTest" tests="2" failures="0" timestamp="16 Apr 2018 07:13:23 GMT" time="0.000" errors="0">
  <testcase name="testVerifyBuildNumber" time="0.000" classname="com.actitime.tests.VerifyBuildNumberTest">
    <skipped/>
  </testcase> <!-- testVerifyBuildNumber -->
  <testcase name="testVerifyBuildNumber" time="0.000" classname="com.actitime.tests.VerifyBuildNumberTest">
    <skipped/>
  </testcase> <!-- testVerifyBuildNumber -->
</testsuite> <!-- com.actitime.tests.VerifyBuildNumberTest -->
